{"name": "при создании нового заказа счётчик Выполнено за всё время увеличивается", "status": "broken", "statusDetails": {"message": "selenium.common.exceptions.TimeoutException: Message: \nStacktrace:\nRemoteError@chrome://remote/content/shared/RemoteError.sys.mjs:8:8\nWebDriverError@chrome://remote/content/shared/webdriver/Errors.sys.mjs:193:5\nNoSuchElementError@chrome://remote/content/shared/webdriver/Errors.sys.mjs:511:5\ndom.find/</<@chrome://remote/content/shared/DOM.sys.mjs:136:16", "trace": "self = <test_orders_feed_page.TestOrdersFeedPage object at 0x00000228F4886CC0>\ndriver = <selenium.webdriver.firefox.webdriver.WebDriver (session=\"caec6437-ab18-432b-bcb9-0c2c0373d1a8\")>\n\n    @allure.title('при создании нового заказа счётчик Выполнено за всё время увеличивается')\n    def test_check_all_order_counter_increased(self, driver):\n        driver.get(test_data.MAIN_PAGE)\n    \n        profile_page = ProfilePage(driver)\n        profile_page.click_on_link_profile()\n        profile_page.enter_profile(email=test_data.USER_EMAIL, password=test_data.USER_PASS)\n    \n        orders_feed = OrdersFeedPage(driver)\n        orders_feed.click_on_orders_feed()\n        before_orders = orders_feed.get_all_orders_counter()\n    \n        orders_feed.click_on_builder()\n        orders_feed.create_order()\n>       orders_feed.wait_order_placed()\n\ntests\\test_orders_feed_page.py:59: \n_ _ _ _ _ _ _ _ _ _ _ _ _ _ _ _ _ _ _ _ _ _ _ _ _ _ _ _ _ _ _ _ _ _ _ _ _ _ _ _ _ _ _ _ _ _ _ _ _ _ _ _ _ _ _ _ _ _ _ _ _ _ _ _ _ _ _ _ _ _ _ _ _ _ _ _ _ _ _ _ _ _ _ _ _ _ _ _ _ _\npages\\orders_feed_page.py:76: in wait_order_placed\n    self.find_element_with_wait(OrdersFeedLocators.ORDER_WINDOW_OPENED)\npages\\base_page.py:11: in find_element_with_wait\n    WebDriverWait(self.driver, 5).until(expected_conditions.visibility_of_element_located(locator))\n_ _ _ _ _ _ _ _ _ _ _ _ _ _ _ _ _ _ _ _ _ _ _ _ _ _ _ _ _ _ _ _ _ _ _ _ _ _ _ _ _ _ _ _ _ _ _ _ _ _ _ _ _ _ _ _ _ _ _ _ _ _ _ _ _ _ _ _ _ _ _ _ _ _ _ _ _ _ _ _ _ _ _ _ _ _ _ _ _ _\n\nself = <selenium.webdriver.support.wait.WebDriverWait (session=\"caec6437-ab18-432b-bcb9-0c2c0373d1a8\")>\nmethod = <function visibility_of_element_located.<locals>._predicate at 0x00000228F4935DA0>, message = ''\n\n    def until(self, method: Callable[[D], Union[Literal[False], T]], message: str = \"\") -> T:\n        \"\"\"Calls the method provided with the driver as an argument until the \\\n        return value does not evaluate to ``False``.\n    \n        :param method: callable(WebDriver)\n        :param message: optional message for :exc:`TimeoutException`\n        :returns: the result of the last call to `method`\n        :raises: :exc:`selenium.common.exceptions.TimeoutException` if timeout occurs\n        \"\"\"\n        screen = None\n        stacktrace = None\n    \n        end_time = time.monotonic() + self._timeout\n        while True:\n            try:\n                value = method(self._driver)\n                if value:\n                    return value\n            except self._ignored_exceptions as exc:\n                screen = getattr(exc, \"screen\", None)\n                stacktrace = getattr(exc, \"stacktrace\", None)\n            time.sleep(self._poll)\n            if time.monotonic() > end_time:\n                break\n>       raise TimeoutException(message, screen, stacktrace)\nE       selenium.common.exceptions.TimeoutException: Message: \nE       Stacktrace:\nE       RemoteError@chrome://remote/content/shared/RemoteError.sys.mjs:8:8\nE       WebDriverError@chrome://remote/content/shared/webdriver/Errors.sys.mjs:193:5\nE       NoSuchElementError@chrome://remote/content/shared/webdriver/Errors.sys.mjs:511:5\nE       dom.find/</<@chrome://remote/content/shared/DOM.sys.mjs:136:16\n\n..\\..\\AppData\\Local\\Programs\\Python\\Python312\\Lib\\site-packages\\selenium\\webdriver\\support\\wait.py:105: TimeoutException"}, "steps": [{"name": "клик на \"Личный кабинет\"", "status": "passed", "start": 1717605226108, "stop": 1717605226629}, {"name": "логин на сайт", "status": "passed", "parameters": [{"name": "email", "value": "'morozova_313@yandex.ru'"}, {"name": "password", "value": "'121212'"}], "start": 1717605226630, "stop": 1717605227044}, {"name": "клик по \"Ленте заказов\"", "status": "passed", "start": 1717605227044, "stop": 1717605227847}, {"name": "вывод значения счетчика заказов ЗА ВСЕ ВРЕМЯ", "status": "passed", "start": 1717605227848, "stop": 1717605228898}, {"name": "клик по \"Конструктору\"", "status": "passed", "start": 1717605228898, "stop": 1717605229236}, {"name": "создать заказ", "status": "passed", "start": 1717605229236, "stop": 1717605230127}, {"name": "ожидание номера заказа", "status": "broken", "statusDetails": {"message": "selenium.common.exceptions.TimeoutException: Message: \nStacktrace:\nRemoteError@chrome://remote/content/shared/RemoteError.sys.mjs:8:8\nWebDriverError@chrome://remote/content/shared/webdriver/Errors.sys.mjs:193:5\nNoSuchElementError@chrome://remote/content/shared/webdriver/Errors.sys.mjs:511:5\ndom.find/</<@chrome://remote/content/shared/DOM.sys.mjs:136:16\n\n", "trace": "  File \"C:\\Users\\User\\AppData\\Local\\Programs\\Python\\Python312\\Lib\\site-packages\\allure_commons\\_allure.py\", line 192, in impl\n    return func(*a, **kw)\n           ^^^^^^^^^^^^^^\n  File \"C:\\Users\\User\\PycharmProjects\\Diplom_3\\pages\\orders_feed_page.py\", line 76, in wait_order_placed\n    self.find_element_with_wait(OrdersFeedLocators.ORDER_WINDOW_OPENED)\n  File \"C:\\Users\\User\\PycharmProjects\\Diplom_3\\pages\\base_page.py\", line 11, in find_element_with_wait\n    WebDriverWait(self.driver, 5).until(expected_conditions.visibility_of_element_located(locator))\n  File \"C:\\Users\\User\\AppData\\Local\\Programs\\Python\\Python312\\Lib\\site-packages\\selenium\\webdriver\\support\\wait.py\", line 105, in until\n    raise TimeoutException(message, screen, stacktrace)\n"}, "start": 1717605230127, "stop": 1717605235179}], "parameters": [{"name": "driver", "value": "'firefox'"}], "start": 1717605225361, "stop": 1717605235180, "uuid": "fe963adf-bb34-42fb-838a-0a6d37185b7d", "historyId": "53c9bdc0215ea4760b03cee4bc14d859", "testCaseId": "9c25c8e3622c5c9dd0fd6f3ca8754317", "fullName": "tests.test_orders_feed_page.TestOrdersFeedPage#test_check_all_order_counter_increased", "labels": [{"name": "parentSuite", "value": "tests"}, {"name": "suite", "value": "test_orders_feed_page"}, {"name": "subSuite", "value": "TestOrdersFeedPage"}, {"name": "host", "value": "DESKTOP-DJ92I6A"}, {"name": "thread", "value": "26784-MainThread"}, {"name": "framework", "value": "pytest"}, {"name": "language", "value": "cpython3"}, {"name": "package", "value": "tests.test_orders_feed_page"}]}