{"name": "заказы пользователя из раздела «История заказов» отображаются на странице «Лента заказов»", "status": "broken", "statusDetails": {"message": "selenium.common.exceptions.TimeoutException: Message: \nStacktrace:\nRemoteError@chrome://remote/content/shared/RemoteError.sys.mjs:8:8\nWebDriverError@chrome://remote/content/shared/webdriver/Errors.sys.mjs:193:5\nNoSuchElementError@chrome://remote/content/shared/webdriver/Errors.sys.mjs:511:5\ndom.find/</<@chrome://remote/content/shared/DOM.sys.mjs:136:16", "trace": "self = <test_orders_feed_page.TestOrdersFeedPage object at 0x00000228F48869C0>\ndriver = <selenium.webdriver.firefox.webdriver.WebDriver (session=\"547f4fc9-f2b0-4ca2-b89c-7801307a01fb\")>\n\n    @allure.title('заказы пользователя из раздела «История заказов» отображаются на странице «Лента заказов»')\n    def test_check_order_user_in_orders_feed_success(self, driver):\n        driver.get(test_data.MAIN_PAGE)\n    \n        profile_page = ProfilePage(driver)\n        profile_page.click_on_link_profile()\n        profile_page.enter_profile(email=test_data.USER_EMAIL, password=test_data.USER_PASS)\n    \n        orders_feed = OrdersFeedPage(driver)\n        orders_feed.create_order()\n>       orders_feed.wait_order_placed()\n\ntests\\test_orders_feed_page.py:37: \n_ _ _ _ _ _ _ _ _ _ _ _ _ _ _ _ _ _ _ _ _ _ _ _ _ _ _ _ _ _ _ _ _ _ _ _ _ _ _ _ _ _ _ _ _ _ _ _ _ _ _ _ _ _ _ _ _ _ _ _ _ _ _ _ _ _ _ _ _ _ _ _ _ _ _ _ _ _ _ _ _ _ _ _ _ _ _ _ _ _\npages\\orders_feed_page.py:76: in wait_order_placed\n    self.find_element_with_wait(OrdersFeedLocators.ORDER_WINDOW_OPENED)\npages\\base_page.py:11: in find_element_with_wait\n    WebDriverWait(self.driver, 5).until(expected_conditions.visibility_of_element_located(locator))\n_ _ _ _ _ _ _ _ _ _ _ _ _ _ _ _ _ _ _ _ _ _ _ _ _ _ _ _ _ _ _ _ _ _ _ _ _ _ _ _ _ _ _ _ _ _ _ _ _ _ _ _ _ _ _ _ _ _ _ _ _ _ _ _ _ _ _ _ _ _ _ _ _ _ _ _ _ _ _ _ _ _ _ _ _ _ _ _ _ _\n\nself = <selenium.webdriver.support.wait.WebDriverWait (session=\"547f4fc9-f2b0-4ca2-b89c-7801307a01fb\")>\nmethod = <function visibility_of_element_located.<locals>._predicate at 0x00000228F48CBE20>, message = ''\n\n    def until(self, method: Callable[[D], Union[Literal[False], T]], message: str = \"\") -> T:\n        \"\"\"Calls the method provided with the driver as an argument until the \\\n        return value does not evaluate to ``False``.\n    \n        :param method: callable(WebDriver)\n        :param message: optional message for :exc:`TimeoutException`\n        :returns: the result of the last call to `method`\n        :raises: :exc:`selenium.common.exceptions.TimeoutException` if timeout occurs\n        \"\"\"\n        screen = None\n        stacktrace = None\n    \n        end_time = time.monotonic() + self._timeout\n        while True:\n            try:\n                value = method(self._driver)\n                if value:\n                    return value\n            except self._ignored_exceptions as exc:\n                screen = getattr(exc, \"screen\", None)\n                stacktrace = getattr(exc, \"stacktrace\", None)\n            time.sleep(self._poll)\n            if time.monotonic() > end_time:\n                break\n>       raise TimeoutException(message, screen, stacktrace)\nE       selenium.common.exceptions.TimeoutException: Message: \nE       Stacktrace:\nE       RemoteError@chrome://remote/content/shared/RemoteError.sys.mjs:8:8\nE       WebDriverError@chrome://remote/content/shared/webdriver/Errors.sys.mjs:193:5\nE       NoSuchElementError@chrome://remote/content/shared/webdriver/Errors.sys.mjs:511:5\nE       dom.find/</<@chrome://remote/content/shared/DOM.sys.mjs:136:16\n\n..\\..\\AppData\\Local\\Programs\\Python\\Python312\\Lib\\site-packages\\selenium\\webdriver\\support\\wait.py:105: TimeoutException"}, "steps": [{"name": "клик на \"Личный кабинет\"", "status": "passed", "start": 1717605189502, "stop": 1717605190011}, {"name": "логин на сайт", "status": "passed", "parameters": [{"name": "email", "value": "'morozova_313@yandex.ru'"}, {"name": "password", "value": "'121212'"}], "start": 1717605190011, "stop": 1717605190414}, {"name": "создать заказ", "status": "passed", "start": 1717605190414, "stop": 1717605191775}, {"name": "ожидание номера заказа", "status": "broken", "statusDetails": {"message": "selenium.common.exceptions.TimeoutException: Message: \nStacktrace:\nRemoteError@chrome://remote/content/shared/RemoteError.sys.mjs:8:8\nWebDriverError@chrome://remote/content/shared/webdriver/Errors.sys.mjs:193:5\nNoSuchElementError@chrome://remote/content/shared/webdriver/Errors.sys.mjs:511:5\ndom.find/</<@chrome://remote/content/shared/DOM.sys.mjs:136:16\n\n", "trace": "  File \"C:\\Users\\User\\AppData\\Local\\Programs\\Python\\Python312\\Lib\\site-packages\\allure_commons\\_allure.py\", line 192, in impl\n    return func(*a, **kw)\n           ^^^^^^^^^^^^^^\n  File \"C:\\Users\\User\\PycharmProjects\\Diplom_3\\pages\\orders_feed_page.py\", line 76, in wait_order_placed\n    self.find_element_with_wait(OrdersFeedLocators.ORDER_WINDOW_OPENED)\n  File \"C:\\Users\\User\\PycharmProjects\\Diplom_3\\pages\\base_page.py\", line 11, in find_element_with_wait\n    WebDriverWait(self.driver, 5).until(expected_conditions.visibility_of_element_located(locator))\n  File \"C:\\Users\\User\\AppData\\Local\\Programs\\Python\\Python312\\Lib\\site-packages\\selenium\\webdriver\\support\\wait.py\", line 105, in until\n    raise TimeoutException(message, screen, stacktrace)\n"}, "start": 1717605191775, "stop": 1717605196819}], "parameters": [{"name": "driver", "value": "'firefox'"}], "start": 1717605188355, "stop": 1717605196863, "uuid": "63d4c761-d40c-4e5e-815a-c50ac0393758", "historyId": "9d0d770c9f3b2981f80ea29e2d8e6479", "testCaseId": "449f134d4353e13aea3877e87120fecc", "fullName": "tests.test_orders_feed_page.TestOrdersFeedPage#test_check_order_user_in_orders_feed_success", "labels": [{"name": "parentSuite", "value": "tests"}, {"name": "suite", "value": "test_orders_feed_page"}, {"name": "subSuite", "value": "TestOrdersFeedPage"}, {"name": "host", "value": "DESKTOP-DJ92I6A"}, {"name": "thread", "value": "26784-MainThread"}, {"name": "framework", "value": "pytest"}, {"name": "language", "value": "cpython3"}, {"name": "package", "value": "tests.test_orders_feed_page"}]}